-------------------------------------------------------------------------------
Test set: com.luv2code.springboot.thymeleafdemo.ThymeleafdemoApplicationTests
-------------------------------------------------------------------------------
Tests run: 1, Failures: 0, Errors: 1, Skipped: 0, Time elapsed: 0.334 s <<< FAILURE! - in com.luv2code.springboot.thymeleafdemo.ThymeleafdemoApplicationTests
com.luv2code.springboot.thymeleafdemo.ThymeleafdemoApplicationTests  Time elapsed: 0.333 s  <<< ERROR!
java.lang.IllegalStateException: Unable to find a @SpringBootConfiguration, you need to use @ContextConfiguration or @SpringBootTest(classes=...) with your test

